<?xml version="1.0" encoding="UTF-8"?>
<!-- Generated by org.testng.reporters.JUnitReportReporter -->
<testsuite hostname="DESKTOP-V3BNFLB" failures="0" tests="10" name="dsalgotestrunner.TestRunner" time="329.667" errors="0" timestamp="2024-05-03T14:52:53 EDT" skipped="0">
  <testcase classname="dsalgotestrunner.TestRunner" name="runScenario" time="32.861"/>
  <testcase classname="dsalgotestrunner.TestRunner" name="runScenario" time="33.181"/>
  <testcase classname="dsalgotestrunner.TestRunner" name="runScenario" time="33.121"/>
  <testcase classname="dsalgotestrunner.TestRunner" name="runScenario" time="33.013"/>
  <testcase classname="dsalgotestrunner.TestRunner" name="runScenario" time="32.773"/>
  <testcase classname="dsalgotestrunner.TestRunner" name="runScenario" time="32.876"/>
  <testcase classname="dsalgotestrunner.TestRunner" name="runScenario" time="33.150"/>
  <testcase classname="dsalgotestrunner.TestRunner" name="runScenario" time="32.788"/>
  <testcase classname="dsalgotestrunner.TestRunner" name="runScenario" time="32.905"/>
  <testcase classname="dsalgotestrunner.TestRunner" name="runScenario" time="32.999"/>
</testsuite> <!-- dsalgotestrunner.TestRunner -->
