<?xml version="1.0" encoding="UTF-8"?>
<!-- Generated by org.testng.reporters.JUnitReportReporter -->
<testsuite hostname="DESKTOP-V3BNFLB" failures="0" tests="8" name="dsalgotestrunner.TestRunner" time="188.923" errors="0" timestamp="2024-05-02T12:41:56 EDT" skipped="0">
  <testcase classname="dsalgotestrunner.TestRunner" name="runScenario" time="23.704"/>
  <system-out/>
  <testcase classname="dsalgotestrunner.TestRunner" name="runScenario" time="23.563"/>
  <system-out/>
  <testcase classname="dsalgotestrunner.TestRunner" name="runScenario" time="23.577"/>
  <system-out/>
  <testcase classname="dsalgotestrunner.TestRunner" name="runScenario" time="23.642"/>
  <system-out/>
  <testcase classname="dsalgotestrunner.TestRunner" name="runScenario" time="23.518"/>
  <system-out/>
  <testcase classname="dsalgotestrunner.TestRunner" name="runScenario" time="23.699"/>
  <system-out/>
  <testcase classname="dsalgotestrunner.TestRunner" name="runScenario" time="23.529"/>
  <system-out/>
  <testcase classname="dsalgotestrunner.TestRunner" name="runScenario" time="23.691"/>
  <system-out/>
</testsuite> <!-- dsalgotestrunner.TestRunner -->
