<?xml version="1.0" encoding="UTF-8"?>
<!-- Generated by org.testng.reporters.JUnitReportReporter -->
<testsuite hostname="DESKTOP-V3BNFLB" failures="0" tests="10" name="dsalgotestrunner.TestRunner" time="368.324" errors="0" timestamp="2024-05-03T12:46:10 EDT" skipped="0">
  <testcase classname="dsalgotestrunner.TestRunner" name="runScenario" time="36.612"/>
  <testcase classname="dsalgotestrunner.TestRunner" name="runScenario" time="36.587"/>
  <testcase classname="dsalgotestrunner.TestRunner" name="runScenario" time="36.497"/>
  <testcase classname="dsalgotestrunner.TestRunner" name="runScenario" time="36.843"/>
  <testcase classname="dsalgotestrunner.TestRunner" name="runScenario" time="36.880"/>
  <testcase classname="dsalgotestrunner.TestRunner" name="runScenario" time="36.690"/>
  <testcase classname="dsalgotestrunner.TestRunner" name="runScenario" time="37.167"/>
  <testcase classname="dsalgotestrunner.TestRunner" name="runScenario" time="37.214"/>
  <testcase classname="dsalgotestrunner.TestRunner" name="runScenario" time="36.966"/>
  <testcase classname="dsalgotestrunner.TestRunner" name="runScenario" time="36.868"/>
</testsuite> <!-- dsalgotestrunner.TestRunner -->
