<?xml version="1.0" encoding="UTF-8"?>
<!-- Generated by org.testng.reporters.JUnitReportReporter -->
<testsuite hostname="DESKTOP-V3BNFLB" failures="0" tests="26" name="dsalgotestrunner.TestRunner" time="1257.968" errors="1" timestamp="2024-05-07T22:19:01 EDT" skipped="0">
  <testcase classname="dsalgotestrunner.TestRunner" name="runScenario" time="32.645"/>
  <testcase classname="dsalgotestrunner.TestRunner" name="runScenario" time="51.795"/>
  <testcase classname="dsalgotestrunner.TestRunner" name="runScenario" time="48.545"/>
  <testcase classname="dsalgotestrunner.TestRunner" name="runScenario" time="32.658"/>
  <testcase classname="dsalgotestrunner.TestRunner" name="runScenario" time="58.673"/>
  <testcase classname="dsalgotestrunner.TestRunner" name="runScenario" time="43.629"/>
  <testcase classname="dsalgotestrunner.TestRunner" name="runScenario" time="73.414"/>
  <testcase classname="dsalgotestrunner.TestRunner" name="runScenario" time="42.142"/>
  <testcase classname="dsalgotestrunner.TestRunner" name="runScenario" time="70.577"/>
  <testcase classname="dsalgotestrunner.TestRunner" name="runScenario" time="32.179"/>
  <testcase classname="dsalgotestrunner.TestRunner" name="runScenario" time="28.433"/>
  <testcase classname="dsalgotestrunner.TestRunner" name="runScenario" time="63.994"/>
  <testcase classname="dsalgotestrunner.TestRunner" name="runScenario" time="73.556"/>
  <testcase classname="dsalgotestrunner.TestRunner" name="runScenario" time="32.510"/>
  <testcase classname="dsalgotestrunner.TestRunner" name="runScenario" time="48.080"/>
  <testcase classname="dsalgotestrunner.TestRunner" name="runScenario" time="27.782"/>
  <testcase classname="dsalgotestrunner.TestRunner" name="runScenario" time="58.664"/>
  <testcase classname="dsalgotestrunner.TestRunner" name="runScenario" time="48.952"/>
  <testcase classname="dsalgotestrunner.TestRunner" name="runScenario" time="54.200"/>
  <testcase classname="dsalgotestrunner.TestRunner" name="runScenario" time="49.987"/>
  <testcase classname="dsalgotestrunner.TestRunner" name="runScenario" time="49.105"/>
  <testcase classname="dsalgotestrunner.TestRunner" name="runScenario" time="53.034"/>
  <testcase classname="dsalgotestrunner.TestRunner" name="runScenario" time="59.372"/>
  <testcase classname="dsalgotestrunner.TestRunner" name="runScenario" time="61.328"/>
  <testcase classname="dsalgotestrunner.TestRunner" name="runScenario" time="58.793"/>
  <testcase classname="dsalgotestrunner.TestRunner" name="runScenario" time="3.921">
    <error message="no such execution context
  (Session info: chrome=124.0.6367.119)
Build info: version: &#039;4.18.0&#039;, revision: &#039;b6bf9de7cc*&#039;
System info: os.name: &#039;Windows 10&#039;, os.arch: &#039;amd64&#039;, os.version: &#039;10.0&#039;, java.version: &#039;21.0.2&#039;
Driver info: org.openqa.selenium.chrome.ChromeDriver
Command: [a5d652dd6bda95f61d5126ad3c6a4c48, deleteAllCookies {}]
Capabilities {acceptInsecureCerts: false, browserName: chrome, browserVersion: 124.0.6367.119, chrome: {chromedriverVersion: 124.0.6367.91 (51df0e5e17a8..., userDataDir: C:\Users\rajes\AppData\Loca...}, fedcm:accounts: true, goog:chromeOptions: {debuggerAddress: localhost:49451}, networkConnectionEnabled: false, pageLoadStrategy: normal, platformName: windows, proxy: Proxy(), se:cdp: ws://localhost:49451/devtoo..., se:cdpVersion: 124.0.6367.119, setWindowRect: true, strictFileInteractability: false, timeouts: {implicit: 0, pageLoad: 300000, script: 30000}, unhandledPromptBehavior: dismiss and notify, webauthn:extension:credBlob: true, webauthn:extension:largeBlob: true, webauthn:extension:minPinLength: true, webauthn:extension:prf: true, webauthn:virtualAuthenticators: true}
Session ID: a5d652dd6bda95f61d5126ad3c6a4c48" type="org.openqa.selenium.WebDriverException">
      <![CDATA[org.openqa.selenium.WebDriverException: no such execution context
  (Session info: chrome=124.0.6367.119)
Build info: version: '4.18.0', revision: 'b6bf9de7cc*'
System info: os.name: 'Windows 10', os.arch: 'amd64', os.version: '10.0', java.version: '21.0.2'
Driver info: org.openqa.selenium.chrome.ChromeDriver
Command: [a5d652dd6bda95f61d5126ad3c6a4c48, deleteAllCookies {}]
Capabilities {acceptInsecureCerts: false, browserName: chrome, browserVersion: 124.0.6367.119, chrome: {chromedriverVersion: 124.0.6367.91 (51df0e5e17a8..., userDataDir: C:\Users\rajes\AppData\Loca...}, fedcm:accounts: true, goog:chromeOptions: {debuggerAddress: localhost:49451}, networkConnectionEnabled: false, pageLoadStrategy: normal, platformName: windows, proxy: Proxy(), se:cdp: ws://localhost:49451/devtoo..., se:cdpVersion: 124.0.6367.119, setWindowRect: true, strictFileInteractability: false, timeouts: {implicit: 0, pageLoad: 300000, script: 30000}, unhandledPromptBehavior: dismiss and notify, webauthn:extension:credBlob: true, webauthn:extension:largeBlob: true, webauthn:extension:minPinLength: true, webauthn:extension:prf: true, webauthn:virtualAuthenticators: true}
Session ID: a5d652dd6bda95f61d5126ad3c6a4c48
at java.base/jdk.internal.reflect.DirectConstructorHandleAccessor.newInstance(DirectConstructorHandleAccessor.java:62)
at java.base/java.lang.reflect.Constructor.newInstanceWithCaller(Constructor.java:502)
at java.base/java.lang.reflect.Constructor.newInstance(Constructor.java:486)
at org.openqa.selenium.remote.ErrorCodec.decode(ErrorCodec.java:167)
at org.openqa.selenium.remote.codec.w3c.W3CHttpResponseCodec.decode(W3CHttpResponseCodec.java:138)
at org.openqa.selenium.remote.codec.w3c.W3CHttpResponseCodec.decode(W3CHttpResponseCodec.java:50)
at org.openqa.selenium.remote.HttpCommandExecutor.execute(HttpCommandExecutor.java:190)
at org.openqa.selenium.remote.service.DriverCommandExecutor.invokeExecute(DriverCommandExecutor.java:216)
at org.openqa.selenium.remote.service.DriverCommandExecutor.execute(DriverCommandExecutor.java:174)
at org.openqa.selenium.remote.RemoteWebDriver.execute(RemoteWebDriver.java:519)
at org.openqa.selenium.remote.RemoteWebDriver.execute(RemoteWebDriver.java:592)
at org.openqa.selenium.remote.RemoteWebDriver.execute(RemoteWebDriver.java:596)
at org.openqa.selenium.remote.RemoteWebDriver$RemoteWebDriverOptions.deleteAllCookies(RemoteWebDriver.java:856)
at dsalgodrivers.DriverFactory.init_driver(DriverFactory.java:48)
at dsalgohooks.HooksApplication.launchBrowser(HooksApplication.java:29)
]]>
    </error>
  </testcase> <!-- runScenario -->
</testsuite> <!-- dsalgotestrunner.TestRunner -->
