<?xml version="1.0" encoding="UTF-8"?>
<!-- Generated by org.testng.reporters.JUnitReportReporter -->
<testsuite hostname="DESKTOP-V3BNFLB" failures="0" tests="26" name="dsalgotestrunner.TestRunner" time="1136.889" errors="0" timestamp="2024-05-08T16:44:02 EDT" skipped="0">
  <testcase classname="dsalgotestrunner.TestRunner" name="runScenario" time="14.442"/>
  <testcase classname="dsalgotestrunner.TestRunner" name="runScenario" time="26.748"/>
  <testcase classname="dsalgotestrunner.TestRunner" name="runScenario" time="37.496"/>
  <testcase classname="dsalgotestrunner.TestRunner" name="runScenario" time="10.021"/>
  <testcase classname="dsalgotestrunner.TestRunner" name="runScenario" time="17.833"/>
  <testcase classname="dsalgotestrunner.TestRunner" name="runScenario" time="21.901"/>
  <testcase classname="dsalgotestrunner.TestRunner" name="runScenario" time="13.648"/>
  <testcase classname="dsalgotestrunner.TestRunner" name="runScenario" time="34.780"/>
  <testcase classname="dsalgotestrunner.TestRunner" name="runScenario" time="39.151"/>
  <testcase classname="dsalgotestrunner.TestRunner" name="runScenario" time="91.802"/>
  <testcase classname="dsalgotestrunner.TestRunner" name="runScenario" time="37.214"/>
  <testcase classname="dsalgotestrunner.TestRunner" name="runScenario" time="60.157"/>
  <testcase classname="dsalgotestrunner.TestRunner" name="runScenario" time="21.578"/>
  <testcase classname="dsalgotestrunner.TestRunner" name="runScenario" time="62.704"/>
  <testcase classname="dsalgotestrunner.TestRunner" name="runScenario" time="38.450"/>
  <testcase classname="dsalgotestrunner.TestRunner" name="runScenario" time="6.689"/>
  <testcase classname="dsalgotestrunner.TestRunner" name="runScenario" time="74.759"/>
  <testcase classname="dsalgotestrunner.TestRunner" name="runScenario" time="75.255"/>
  <testcase classname="dsalgotestrunner.TestRunner" name="runScenario" time="66.404"/>
  <testcase classname="dsalgotestrunner.TestRunner" name="runScenario" time="19.697"/>
  <testcase classname="dsalgotestrunner.TestRunner" name="runScenario" time="33.581"/>
  <testcase classname="dsalgotestrunner.TestRunner" name="runScenario" time="63.917"/>
  <testcase classname="dsalgotestrunner.TestRunner" name="runScenario" time="34.156"/>
  <testcase classname="dsalgotestrunner.TestRunner" name="runScenario" time="84.729"/>
  <testcase classname="dsalgotestrunner.TestRunner" name="runScenario" time="74.673"/>
  <testcase classname="dsalgotestrunner.TestRunner" name="runScenario" time="75.104"/>
</testsuite> <!-- dsalgotestrunner.TestRunner -->
